<?xml version="1.0" encoding="UTF-8"?>
<testsuite xmlns:xsi="http://www.w3.org/2001/XMLSchema-instance" xsi:noNamespaceSchemaLocation="https://maven.apache.org/surefire/maven-surefire-plugin/xsd/surefire-test-report.xsd" name="com.miracle.demo.communicationmicroservice.CommunicationmicroserviceApplicationTests" time="12.805" tests="1" errors="0" skipped="0" failures="0">
  <properties>
    <property name="sun.desktop" value="gnome"/>
    <property name="awt.toolkit" value="sun.awt.X11.XToolkit"/>
    <property name="file.encoding.pkg" value="sun.io"/>
    <property name="java.specification.version" value="1.8"/>
    <property name="sun.cpu.isalist" value=""/>
    <property name="sun.jnu.encoding" value="UTF-8"/>
    <property name="java.class.path" value="/home/miracle/runtime/1648285686525/Microservice/DemoMicroservice/target/test-classes:/home/miracle/runtime/1648285686525/Microservice/DemoMicroservice/target/classes:/home/miracle/.m2/repository/org/springframework/boot/spring-boot-starter-web/2.6.4/spring-boot-starter-web-2.6.4.jar:/home/miracle/.m2/repository/org/springframework/boot/spring-boot-starter/2.6.4/spring-boot-starter-2.6.4.jar:/home/miracle/.m2/repository/org/springframework/boot/spring-boot/2.6.4/spring-boot-2.6.4.jar:/home/miracle/.m2/repository/org/springframework/boot/spring-boot-autoconfigure/2.6.4/spring-boot-autoconfigure-2.6.4.jar:/home/miracle/.m2/repository/org/springframework/boot/spring-boot-starter-logging/2.6.4/spring-boot-starter-logging-2.6.4.jar:/home/miracle/.m2/repository/ch/qos/logback/logback-classic/1.2.10/logback-classic-1.2.10.jar:/home/miracle/.m2/repository/ch/qos/logback/logback-core/1.2.10/logback-core-1.2.10.jar:/home/miracle/.m2/repository/org/apache/logging/log4j/log4j-to-slf4j/2.17.1/log4j-to-slf4j-2.17.1.jar:/home/miracle/.m2/repository/org/apache/logging/log4j/log4j-api/2.17.1/log4j-api-2.17.1.jar:/home/miracle/.m2/repository/org/slf4j/jul-to-slf4j/1.7.36/jul-to-slf4j-1.7.36.jar:/home/miracle/.m2/repository/jakarta/annotation/jakarta.annotation-api/1.3.5/jakarta.annotation-api-1.3.5.jar:/home/miracle/.m2/repository/org/yaml/snakeyaml/1.29/snakeyaml-1.29.jar:/home/miracle/.m2/repository/org/springframework/boot/spring-boot-starter-json/2.6.4/spring-boot-starter-json-2.6.4.jar:/home/miracle/.m2/repository/com/fasterxml/jackson/core/jackson-databind/2.13.1/jackson-databind-2.13.1.jar:/home/miracle/.m2/repository/com/fasterxml/jackson/core/jackson-annotations/2.13.1/jackson-annotations-2.13.1.jar:/home/miracle/.m2/repository/com/fasterxml/jackson/core/jackson-core/2.13.1/jackson-core-2.13.1.jar:/home/miracle/.m2/repository/com/fasterxml/jackson/datatype/jackson-datatype-jdk8/2.13.1/jackson-datatype-jdk8-2.13.1.jar:/home/miracle/.m2/repository/com/fasterxml/jackson/datatype/jackson-datatype-jsr310/2.13.1/jackson-datatype-jsr310-2.13.1.jar:/home/miracle/.m2/repository/com/fasterxml/jackson/module/jackson-module-parameter-names/2.13.1/jackson-module-parameter-names-2.13.1.jar:/home/miracle/.m2/repository/org/springframework/boot/spring-boot-starter-tomcat/2.6.4/spring-boot-starter-tomcat-2.6.4.jar:/home/miracle/.m2/repository/org/apache/tomcat/embed/tomcat-embed-core/9.0.58/tomcat-embed-core-9.0.58.jar:/home/miracle/.m2/repository/org/apache/tomcat/embed/tomcat-embed-el/9.0.58/tomcat-embed-el-9.0.58.jar:/home/miracle/.m2/repository/org/apache/tomcat/embed/tomcat-embed-websocket/9.0.58/tomcat-embed-websocket-9.0.58.jar:/home/miracle/.m2/repository/org/springframework/spring-web/5.3.16/spring-web-5.3.16.jar:/home/miracle/.m2/repository/org/springframework/spring-beans/5.3.16/spring-beans-5.3.16.jar:/home/miracle/.m2/repository/org/springframework/spring-webmvc/5.3.16/spring-webmvc-5.3.16.jar:/home/miracle/.m2/repository/org/springframework/spring-aop/5.3.16/spring-aop-5.3.16.jar:/home/miracle/.m2/repository/org/springframework/spring-context/5.3.16/spring-context-5.3.16.jar:/home/miracle/.m2/repository/org/springframework/spring-expression/5.3.16/spring-expression-5.3.16.jar:/home/miracle/.m2/repository/io/thorntail/jsonb/2.6.0.Final/jsonb-2.6.0.Final.jar:/home/miracle/.m2/repository/io/thorntail/logging/2.6.0.Final/logging-2.6.0.Final.jar:/home/miracle/.m2/repository/io/thorntail/container/2.6.0.Final/container-2.6.0.Final.jar:/home/miracle/.m2/repository/io/thorntail/spi/2.6.0.Final/spi-2.6.0.Final.jar:/home/miracle/.m2/repository/org/jboss/shrinkwrap/shrinkwrap-api/1.2.6/shrinkwrap-api-1.2.6.jar:/home/miracle/.m2/repository/org/jboss/shrinkwrap/shrinkwrap-impl-base/1.2.6/shrinkwrap-impl-base-1.2.6.jar:/home/miracle/.m2/repository/org/jboss/shrinkwrap/shrinkwrap-spi/1.2.6/shrinkwrap-spi-1.2.6.jar:/home/miracle/.m2/repository/org/jboss/shrinkwrap/descriptors/shrinkwrap-descriptors-api-jboss/2.0.0/shrinkwrap-descriptors-api-jboss-2.0.0.jar:/home/miracle/.m2/repository/org/jboss/shrinkwrap/descriptors/shrinkwrap-descriptors-impl-jboss/2.0.0/shrinkwrap-descriptors-impl-jboss-2.0.0.jar:/home/miracle/.m2/repository/org/jboss/jandex/2.1.2.Final/jandex-2.1.2.Final.jar:/home/miracle/.m2/repository/io/thorntail/bootstrap/2.6.0.Final/bootstrap-2.6.0.Final.jar:/home/miracle/.m2/repository/io/thorntail/config-api/1.9.0/config-api-1.9.0.jar:/home/miracle/.m2/repository/io/thorntail/config-api-runtime/1.9.0/config-api-runtime-1.9.0.jar:/home/miracle/.m2/repository/org/wildfly/common/wildfly-common/1.5.1.Final/wildfly-common-1.5.1.Final.jar:/home/miracle/.m2/repository/org/ow2/asm/asm/7.1/asm-7.1.jar:/home/miracle/.m2/repository/io/thorntail/jdk-specific/thorntail-jdk-specific/2/thorntail-jdk-specific-2.jar:/home/miracle/.m2/repository/org/jboss/logging/jboss-logging/3.4.3.Final/jboss-logging-3.4.3.Final.jar:/home/miracle/.m2/repository/io/thorntail/jsonp/2.6.0.Final/jsonp-2.6.0.Final.jar:/home/miracle/.m2/repository/org/glassfish/jakarta.json/1.1.6/jakarta.json-1.1.6.jar:/home/miracle/.m2/repository/jakarta/json/bind/jakarta.json.bind-api/1.0.2/jakarta.json.bind-api-1.0.2.jar:/home/miracle/.m2/repository/org/eclipse/yasson/1.0.5/yasson-1.0.5.jar:/home/miracle/.m2/repository/io/thorntail/meta-spi/2.6.0.Final/meta-spi-2.6.0.Final.jar:/home/miracle/.m2/repository/org/jboss/shrinkwrap/descriptors/shrinkwrap-descriptors-impl-javaee/2.0.0/shrinkwrap-descriptors-impl-javaee-2.0.0.jar:/home/miracle/.m2/repository/org/jboss/shrinkwrap/descriptors/shrinkwrap-descriptors-api-javaee/2.0.0/shrinkwrap-descriptors-api-javaee-2.0.0.jar:/home/miracle/.m2/repository/org/jboss/shrinkwrap/descriptors/shrinkwrap-descriptors-api-base/2.0.0/shrinkwrap-descriptors-api-base-2.0.0.jar:/home/miracle/.m2/repository/org/jboss/shrinkwrap/descriptors/shrinkwrap-descriptors-impl-base/2.0.0/shrinkwrap-descriptors-impl-base-2.0.0.jar:/home/miracle/.m2/repository/org/jboss/shrinkwrap/descriptors/shrinkwrap-descriptors-spi/2.0.0/shrinkwrap-descriptors-spi-2.0.0.jar:/home/miracle/.m2/repository/org/springframework/boot/spring-boot-starter-test/2.6.4/spring-boot-starter-test-2.6.4.jar:/home/miracle/.m2/repository/org/springframework/boot/spring-boot-test/2.6.4/spring-boot-test-2.6.4.jar:/home/miracle/.m2/repository/org/springframework/boot/spring-boot-test-autoconfigure/2.6.4/spring-boot-test-autoconfigure-2.6.4.jar:/home/miracle/.m2/repository/com/jayway/jsonpath/json-path/2.6.0/json-path-2.6.0.jar:/home/miracle/.m2/repository/net/minidev/json-smart/2.4.8/json-smart-2.4.8.jar:/home/miracle/.m2/repository/net/minidev/accessors-smart/2.4.8/accessors-smart-2.4.8.jar:/home/miracle/.m2/repository/org/slf4j/slf4j-api/1.7.36/slf4j-api-1.7.36.jar:/home/miracle/.m2/repository/jakarta/xml/bind/jakarta.xml.bind-api/2.3.3/jakarta.xml.bind-api-2.3.3.jar:/home/miracle/.m2/repository/jakarta/activation/jakarta.activation-api/1.2.2/jakarta.activation-api-1.2.2.jar:/home/miracle/.m2/repository/org/assertj/assertj-core/3.21.0/assertj-core-3.21.0.jar:/home/miracle/.m2/repository/org/hamcrest/hamcrest/2.2/hamcrest-2.2.jar:/home/miracle/.m2/repository/org/junit/jupiter/junit-jupiter/5.8.2/junit-jupiter-5.8.2.jar:/home/miracle/.m2/repository/org/junit/jupiter/junit-jupiter-api/5.8.2/junit-jupiter-api-5.8.2.jar:/home/miracle/.m2/repository/org/opentest4j/opentest4j/1.2.0/opentest4j-1.2.0.jar:/home/miracle/.m2/repository/org/junit/platform/junit-platform-commons/1.8.2/junit-platform-commons-1.8.2.jar:/home/miracle/.m2/repository/org/apiguardian/apiguardian-api/1.1.2/apiguardian-api-1.1.2.jar:/home/miracle/.m2/repository/org/junit/jupiter/junit-jupiter-params/5.8.2/junit-jupiter-params-5.8.2.jar:/home/miracle/.m2/repository/org/junit/jupiter/junit-jupiter-engine/5.8.2/junit-jupiter-engine-5.8.2.jar:/home/miracle/.m2/repository/org/junit/platform/junit-platform-engine/1.8.2/junit-platform-engine-1.8.2.jar:/home/miracle/.m2/repository/org/mockito/mockito-core/4.0.0/mockito-core-4.0.0.jar:/home/miracle/.m2/repository/net/bytebuddy/byte-buddy/1.11.22/byte-buddy-1.11.22.jar:/home/miracle/.m2/repository/net/bytebuddy/byte-buddy-agent/1.11.22/byte-buddy-agent-1.11.22.jar:/home/miracle/.m2/repository/org/objenesis/objenesis/3.2/objenesis-3.2.jar:/home/miracle/.m2/repository/org/mockito/mockito-junit-jupiter/4.0.0/mockito-junit-jupiter-4.0.0.jar:/home/miracle/.m2/repository/org/skyscreamer/jsonassert/1.5.0/jsonassert-1.5.0.jar:/home/miracle/.m2/repository/com/vaadin/external/google/android-json/0.0.20131108.vaadin1/android-json-0.0.20131108.vaadin1.jar:/home/miracle/.m2/repository/org/springframework/spring-core/5.3.16/spring-core-5.3.16.jar:/home/miracle/.m2/repository/org/springframework/spring-jcl/5.3.16/spring-jcl-5.3.16.jar:/home/miracle/.m2/repository/org/springframework/spring-test/5.3.16/spring-test-5.3.16.jar:/home/miracle/.m2/repository/org/xmlunit/xmlunit-core/2.8.4/xmlunit-core-2.8.4.jar:"/>
    <property name="java.vm.vendor" value="Private Build"/>
    <property name="sun.arch.data.model" value="64"/>
    <property name="java.vendor.url" value="http://java.oracle.com/"/>
    <property name="user.timezone" value=""/>
    <property name="java.vm.specification.version" value="1.8"/>
    <property name="os.name" value="Linux"/>
    <property name="user.country" value="IN"/>
    <property name="sun.java.launcher" value="SUN_STANDARD"/>
    <property name="sun.boot.library.path" value="/usr/lib/jvm/java-8-openjdk-amd64/jre/lib/amd64"/>
    <property name="sun.java.command" value="/home/miracle/runtime/1648285686525/Microservice/DemoMicroservice/target/surefire/surefirebooter7825281511072259033.jar /home/miracle/runtime/1648285686525/Microservice/DemoMicroservice/target/surefire 2022-03-26T14-38-49_495-jvmRun1 surefire4081618981769689425tmp surefire_07872939554621460873tmp"/>
    <property name="surefire.test.class.path" value="/home/miracle/runtime/1648285686525/Microservice/DemoMicroservice/target/test-classes:/home/miracle/runtime/1648285686525/Microservice/DemoMicroservice/target/classes:/home/miracle/.m2/repository/org/springframework/boot/spring-boot-starter-web/2.6.4/spring-boot-starter-web-2.6.4.jar:/home/miracle/.m2/repository/org/springframework/boot/spring-boot-starter/2.6.4/spring-boot-starter-2.6.4.jar:/home/miracle/.m2/repository/org/springframework/boot/spring-boot/2.6.4/spring-boot-2.6.4.jar:/home/miracle/.m2/repository/org/springframework/boot/spring-boot-autoconfigure/2.6.4/spring-boot-autoconfigure-2.6.4.jar:/home/miracle/.m2/repository/org/springframework/boot/spring-boot-starter-logging/2.6.4/spring-boot-starter-logging-2.6.4.jar:/home/miracle/.m2/repository/ch/qos/logback/logback-classic/1.2.10/logback-classic-1.2.10.jar:/home/miracle/.m2/repository/ch/qos/logback/logback-core/1.2.10/logback-core-1.2.10.jar:/home/miracle/.m2/repository/org/apache/logging/log4j/log4j-to-slf4j/2.17.1/log4j-to-slf4j-2.17.1.jar:/home/miracle/.m2/repository/org/apache/logging/log4j/log4j-api/2.17.1/log4j-api-2.17.1.jar:/home/miracle/.m2/repository/org/slf4j/jul-to-slf4j/1.7.36/jul-to-slf4j-1.7.36.jar:/home/miracle/.m2/repository/jakarta/annotation/jakarta.annotation-api/1.3.5/jakarta.annotation-api-1.3.5.jar:/home/miracle/.m2/repository/org/yaml/snakeyaml/1.29/snakeyaml-1.29.jar:/home/miracle/.m2/repository/org/springframework/boot/spring-boot-starter-json/2.6.4/spring-boot-starter-json-2.6.4.jar:/home/miracle/.m2/repository/com/fasterxml/jackson/core/jackson-databind/2.13.1/jackson-databind-2.13.1.jar:/home/miracle/.m2/repository/com/fasterxml/jackson/core/jackson-annotations/2.13.1/jackson-annotations-2.13.1.jar:/home/miracle/.m2/repository/com/fasterxml/jackson/core/jackson-core/2.13.1/jackson-core-2.13.1.jar:/home/miracle/.m2/repository/com/fasterxml/jackson/datatype/jackson-datatype-jdk8/2.13.1/jackson-datatype-jdk8-2.13.1.jar:/home/miracle/.m2/repository/com/fasterxml/jackson/datatype/jackson-datatype-jsr310/2.13.1/jackson-datatype-jsr310-2.13.1.jar:/home/miracle/.m2/repository/com/fasterxml/jackson/module/jackson-module-parameter-names/2.13.1/jackson-module-parameter-names-2.13.1.jar:/home/miracle/.m2/repository/org/springframework/boot/spring-boot-starter-tomcat/2.6.4/spring-boot-starter-tomcat-2.6.4.jar:/home/miracle/.m2/repository/org/apache/tomcat/embed/tomcat-embed-core/9.0.58/tomcat-embed-core-9.0.58.jar:/home/miracle/.m2/repository/org/apache/tomcat/embed/tomcat-embed-el/9.0.58/tomcat-embed-el-9.0.58.jar:/home/miracle/.m2/repository/org/apache/tomcat/embed/tomcat-embed-websocket/9.0.58/tomcat-embed-websocket-9.0.58.jar:/home/miracle/.m2/repository/org/springframework/spring-web/5.3.16/spring-web-5.3.16.jar:/home/miracle/.m2/repository/org/springframework/spring-beans/5.3.16/spring-beans-5.3.16.jar:/home/miracle/.m2/repository/org/springframework/spring-webmvc/5.3.16/spring-webmvc-5.3.16.jar:/home/miracle/.m2/repository/org/springframework/spring-aop/5.3.16/spring-aop-5.3.16.jar:/home/miracle/.m2/repository/org/springframework/spring-context/5.3.16/spring-context-5.3.16.jar:/home/miracle/.m2/repository/org/springframework/spring-expression/5.3.16/spring-expression-5.3.16.jar:/home/miracle/.m2/repository/io/thorntail/jsonb/2.6.0.Final/jsonb-2.6.0.Final.jar:/home/miracle/.m2/repository/io/thorntail/logging/2.6.0.Final/logging-2.6.0.Final.jar:/home/miracle/.m2/repository/io/thorntail/container/2.6.0.Final/container-2.6.0.Final.jar:/home/miracle/.m2/repository/io/thorntail/spi/2.6.0.Final/spi-2.6.0.Final.jar:/home/miracle/.m2/repository/org/jboss/shrinkwrap/shrinkwrap-api/1.2.6/shrinkwrap-api-1.2.6.jar:/home/miracle/.m2/repository/org/jboss/shrinkwrap/shrinkwrap-impl-base/1.2.6/shrinkwrap-impl-base-1.2.6.jar:/home/miracle/.m2/repository/org/jboss/shrinkwrap/shrinkwrap-spi/1.2.6/shrinkwrap-spi-1.2.6.jar:/home/miracle/.m2/repository/org/jboss/shrinkwrap/descriptors/shrinkwrap-descriptors-api-jboss/2.0.0/shrinkwrap-descriptors-api-jboss-2.0.0.jar:/home/miracle/.m2/repository/org/jboss/shrinkwrap/descriptors/shrinkwrap-descriptors-impl-jboss/2.0.0/shrinkwrap-descriptors-impl-jboss-2.0.0.jar:/home/miracle/.m2/repository/org/jboss/jandex/2.1.2.Final/jandex-2.1.2.Final.jar:/home/miracle/.m2/repository/io/thorntail/bootstrap/2.6.0.Final/bootstrap-2.6.0.Final.jar:/home/miracle/.m2/repository/io/thorntail/config-api/1.9.0/config-api-1.9.0.jar:/home/miracle/.m2/repository/io/thorntail/config-api-runtime/1.9.0/config-api-runtime-1.9.0.jar:/home/miracle/.m2/repository/org/wildfly/common/wildfly-common/1.5.1.Final/wildfly-common-1.5.1.Final.jar:/home/miracle/.m2/repository/org/ow2/asm/asm/7.1/asm-7.1.jar:/home/miracle/.m2/repository/io/thorntail/jdk-specific/thorntail-jdk-specific/2/thorntail-jdk-specific-2.jar:/home/miracle/.m2/repository/org/jboss/logging/jboss-logging/3.4.3.Final/jboss-logging-3.4.3.Final.jar:/home/miracle/.m2/repository/io/thorntail/jsonp/2.6.0.Final/jsonp-2.6.0.Final.jar:/home/miracle/.m2/repository/org/glassfish/jakarta.json/1.1.6/jakarta.json-1.1.6.jar:/home/miracle/.m2/repository/jakarta/json/bind/jakarta.json.bind-api/1.0.2/jakarta.json.bind-api-1.0.2.jar:/home/miracle/.m2/repository/org/eclipse/yasson/1.0.5/yasson-1.0.5.jar:/home/miracle/.m2/repository/io/thorntail/meta-spi/2.6.0.Final/meta-spi-2.6.0.Final.jar:/home/miracle/.m2/repository/org/jboss/shrinkwrap/descriptors/shrinkwrap-descriptors-impl-javaee/2.0.0/shrinkwrap-descriptors-impl-javaee-2.0.0.jar:/home/miracle/.m2/repository/org/jboss/shrinkwrap/descriptors/shrinkwrap-descriptors-api-javaee/2.0.0/shrinkwrap-descriptors-api-javaee-2.0.0.jar:/home/miracle/.m2/repository/org/jboss/shrinkwrap/descriptors/shrinkwrap-descriptors-api-base/2.0.0/shrinkwrap-descriptors-api-base-2.0.0.jar:/home/miracle/.m2/repository/org/jboss/shrinkwrap/descriptors/shrinkwrap-descriptors-impl-base/2.0.0/shrinkwrap-descriptors-impl-base-2.0.0.jar:/home/miracle/.m2/repository/org/jboss/shrinkwrap/descriptors/shrinkwrap-descriptors-spi/2.0.0/shrinkwrap-descriptors-spi-2.0.0.jar:/home/miracle/.m2/repository/org/springframework/boot/spring-boot-starter-test/2.6.4/spring-boot-starter-test-2.6.4.jar:/home/miracle/.m2/repository/org/springframework/boot/spring-boot-test/2.6.4/spring-boot-test-2.6.4.jar:/home/miracle/.m2/repository/org/springframework/boot/spring-boot-test-autoconfigure/2.6.4/spring-boot-test-autoconfigure-2.6.4.jar:/home/miracle/.m2/repository/com/jayway/jsonpath/json-path/2.6.0/json-path-2.6.0.jar:/home/miracle/.m2/repository/net/minidev/json-smart/2.4.8/json-smart-2.4.8.jar:/home/miracle/.m2/repository/net/minidev/accessors-smart/2.4.8/accessors-smart-2.4.8.jar:/home/miracle/.m2/repository/org/slf4j/slf4j-api/1.7.36/slf4j-api-1.7.36.jar:/home/miracle/.m2/repository/jakarta/xml/bind/jakarta.xml.bind-api/2.3.3/jakarta.xml.bind-api-2.3.3.jar:/home/miracle/.m2/repository/jakarta/activation/jakarta.activation-api/1.2.2/jakarta.activation-api-1.2.2.jar:/home/miracle/.m2/repository/org/assertj/assertj-core/3.21.0/assertj-core-3.21.0.jar:/home/miracle/.m2/repository/org/hamcrest/hamcrest/2.2/hamcrest-2.2.jar:/home/miracle/.m2/repository/org/junit/jupiter/junit-jupiter/5.8.2/junit-jupiter-5.8.2.jar:/home/miracle/.m2/repository/org/junit/jupiter/junit-jupiter-api/5.8.2/junit-jupiter-api-5.8.2.jar:/home/miracle/.m2/repository/org/opentest4j/opentest4j/1.2.0/opentest4j-1.2.0.jar:/home/miracle/.m2/repository/org/junit/platform/junit-platform-commons/1.8.2/junit-platform-commons-1.8.2.jar:/home/miracle/.m2/repository/org/apiguardian/apiguardian-api/1.1.2/apiguardian-api-1.1.2.jar:/home/miracle/.m2/repository/org/junit/jupiter/junit-jupiter-params/5.8.2/junit-jupiter-params-5.8.2.jar:/home/miracle/.m2/repository/org/junit/jupiter/junit-jupiter-engine/5.8.2/junit-jupiter-engine-5.8.2.jar:/home/miracle/.m2/repository/org/junit/platform/junit-platform-engine/1.8.2/junit-platform-engine-1.8.2.jar:/home/miracle/.m2/repository/org/mockito/mockito-core/4.0.0/mockito-core-4.0.0.jar:/home/miracle/.m2/repository/net/bytebuddy/byte-buddy/1.11.22/byte-buddy-1.11.22.jar:/home/miracle/.m2/repository/net/bytebuddy/byte-buddy-agent/1.11.22/byte-buddy-agent-1.11.22.jar:/home/miracle/.m2/repository/org/objenesis/objenesis/3.2/objenesis-3.2.jar:/home/miracle/.m2/repository/org/mockito/mockito-junit-jupiter/4.0.0/mockito-junit-jupiter-4.0.0.jar:/home/miracle/.m2/repository/org/skyscreamer/jsonassert/1.5.0/jsonassert-1.5.0.jar:/home/miracle/.m2/repository/com/vaadin/external/google/android-json/0.0.20131108.vaadin1/android-json-0.0.20131108.vaadin1.jar:/home/miracle/.m2/repository/org/springframework/spring-core/5.3.16/spring-core-5.3.16.jar:/home/miracle/.m2/repository/org/springframework/spring-jcl/5.3.16/spring-jcl-5.3.16.jar:/home/miracle/.m2/repository/org/springframework/spring-test/5.3.16/spring-test-5.3.16.jar:/home/miracle/.m2/repository/org/xmlunit/xmlunit-core/2.8.4/xmlunit-core-2.8.4.jar:"/>
    <property name="sun.cpu.endian" value="little"/>
    <property name="user.home" value="/home/miracle"/>
    <property name="user.language" value="en"/>
    <property name="java.specification.vendor" value="Oracle Corporation"/>
    <property name="java.home" value="/usr/lib/jvm/java-8-openjdk-amd64/jre"/>
    <property name="basedir" value="/home/miracle/runtime/1648285686525/Microservice/DemoMicroservice"/>
    <property name="file.separator" value="/"/>
    <property name="line.separator" value="&#10;"/>
    <property name="java.vm.specification.vendor" value="Oracle Corporation"/>
    <property name="java.specification.name" value="Java Platform API Specification"/>
    <property name="java.awt.graphicsenv" value="sun.awt.X11GraphicsEnvironment"/>
    <property name="surefire.real.class.path" value="/home/miracle/runtime/1648285686525/Microservice/DemoMicroservice/target/surefire/surefirebooter7825281511072259033.jar"/>
    <property name="sun.boot.class.path" value="/usr/lib/jvm/java-8-openjdk-amd64/jre/lib/resources.jar:/usr/lib/jvm/java-8-openjdk-amd64/jre/lib/rt.jar:/usr/lib/jvm/java-8-openjdk-amd64/jre/lib/sunrsasign.jar:/usr/lib/jvm/java-8-openjdk-amd64/jre/lib/jsse.jar:/usr/lib/jvm/java-8-openjdk-amd64/jre/lib/jce.jar:/usr/lib/jvm/java-8-openjdk-amd64/jre/lib/charsets.jar:/usr/lib/jvm/java-8-openjdk-amd64/jre/lib/jfr.jar:/usr/lib/jvm/java-8-openjdk-amd64/jre/classes"/>
    <property name="sun.management.compiler" value="HotSpot 64-Bit Tiered Compilers"/>
    <property name="java.runtime.version" value="1.8.0_292-8u292-b10-0ubuntu1~16.04.1-b10"/>
    <property name="user.name" value="miracle"/>
    <property name="path.separator" value=":"/>
    <property name="os.version" value="4.15.0-142-generic"/>
    <property name="java.endorsed.dirs" value="/usr/lib/jvm/java-8-openjdk-amd64/jre/lib/endorsed"/>
    <property name="java.runtime.name" value="OpenJDK Runtime Environment"/>
    <property name="file.encoding" value="UTF-8"/>
    <property name="java.vm.name" value="OpenJDK 64-Bit Server VM"/>
    <property name="localRepository" value="/home/miracle/.m2/repository"/>
    <property name="java.vendor.url.bug" value="http://bugreport.sun.com/bugreport/"/>
    <property name="java.io.tmpdir" value="/tmp"/>
    <property name="java.version" value="1.8.0_292"/>
    <property name="user.dir" value="/home/miracle/runtime/1648285686525/Microservice/DemoMicroservice"/>
    <property name="os.arch" value="amd64"/>
    <property name="java.vm.specification.name" value="Java Virtual Machine Specification"/>
    <property name="java.awt.printerjob" value="sun.print.PSPrinterJob"/>
    <property name="sun.os.patch.level" value="unknown"/>
    <property name="java.library.path" value="/usr/java/packages/lib/amd64:/usr/lib/x86_64-linux-gnu/jni:/lib/x86_64-linux-gnu:/usr/lib/x86_64-linux-gnu:/usr/lib/jni:/lib:/usr/lib"/>
    <property name="java.vm.info" value="mixed mode"/>
    <property name="java.vendor" value="Private Build"/>
    <property name="java.vm.version" value="25.292-b10"/>
    <property name="java.ext.dirs" value="/usr/lib/jvm/java-8-openjdk-amd64/jre/lib/ext:/usr/java/packages/lib/ext"/>
    <property name="sun.io.unicode.encoding" value="UnicodeLittle"/>
    <property name="java.class.version" value="52.0"/>
  </properties>
  <testcase name="contextLoads" classname="com.miracle.demo.communicationmicroservice.CommunicationmicroserviceApplicationTests" time="1.649"/>
</testsuite>